{"C:\\Users\\Sergiy\\Desktop\\Completed-Projects\\CHAT_APP_1\\chat-app\\frontend\\src\\lib\\axios.js": {"path":"C:\\Users\\Sergiy\\Desktop\\Completed-Projects\\CHAT_APP_1\\chat-app\\frontend\\src\\lib\\axios.js","statementMap":{"0":{"start":{"line":3,"column":29},"end":{"line":6,"column":null}}},"fnMap":{},"branchMap":{"0":{"loc":{"start":{"line":4,"column":13},"end":{"line":4,"column":90}},"type":"cond-expr","locations":[{"start":{"line":4,"column":54},"end":{"line":4,"column":81}},{"start":{"line":4,"column":84},"end":{"line":4,"column":90}}],"line":4}},"s":{"0":2},"f":{},"b":{"0":[0,2]},"meta":{"lastBranch":1,"lastFunction":0,"lastStatement":1,"seen":{"s:3:29:6:Infinity":0,"b:4:54:4:81:4:84:4:90":0}}}
,"C:\\Users\\Sergiy\\Desktop\\Completed-Projects\\CHAT_APP_1\\chat-app\\frontend\\src\\lib\\utils.js": {"path":"C:\\Users\\Sergiy\\Desktop\\Completed-Projects\\CHAT_APP_1\\chat-app\\frontend\\src\\lib\\utils.js","statementMap":{"0":{"start":{"line":2,"column":2},"end":{"line":6,"column":5}}},"fnMap":{"0":{"name":"formatMessageTime","decl":{"start":{"line":1,"column":16},"end":{"line":1,"column":33}},"loc":{"start":{"line":1,"column":40},"end":{"line":7,"column":1}},"line":1}},"branchMap":{},"s":{"0":6},"f":{"0":6},"b":{},"meta":{"lastBranch":0,"lastFunction":1,"lastStatement":1,"seen":{"f:1:16:1:33":0,"s:2:2:6:5":0}}}
,"C:\\Users\\Sergiy\\Desktop\\Completed-Projects\\CHAT_APP_1\\chat-app\\frontend\\src\\store\\useAuthStore.js": {"path":"C:\\Users\\Sergiy\\Desktop\\Completed-Projects\\CHAT_APP_1\\chat-app\\frontend\\src\\store\\useAuthStore.js","statementMap":{"0":{"start":{"line":6,"column":17},"end":{"line":6,"column":87}},"1":{"start":{"line":8,"column":27},"end":{"line":107,"column":3}},"2":{"start":{"line":8,"column":50},"end":{"line":107,"column":1}},"3":{"start":{"line":18,"column":8},"end":{"line":29,"column":9}},"4":{"start":{"line":19,"column":24},"end":{"line":19,"column":62}},"5":{"start":{"line":21,"column":12},"end":{"line":21,"column":36}},"6":{"start":{"line":22,"column":12},"end":{"line":22,"column":33}},"7":{"start":{"line":25,"column":12},"end":{"line":25,"column":53}},"8":{"start":{"line":26,"column":12},"end":{"line":26,"column":32}},"9":{"start":{"line":28,"column":12},"end":{"line":28,"column":39}},"10":{"start":{"line":32,"column":8},"end":{"line":32,"column":31}},"11":{"start":{"line":33,"column":8},"end":{"line":42,"column":9}},"12":{"start":{"line":34,"column":24},"end":{"line":34,"column":70}},"13":{"start":{"line":35,"column":12},"end":{"line":35,"column":36}},"14":{"start":{"line":36,"column":12},"end":{"line":36,"column":59}},"15":{"start":{"line":37,"column":12},"end":{"line":37,"column":33}},"16":{"start":{"line":39,"column":12},"end":{"line":39,"column":52}},"17":{"start":{"line":41,"column":12},"end":{"line":41,"column":36}},"18":{"start":{"line":46,"column":8},"end":{"line":46,"column":31}},"19":{"start":{"line":47,"column":8},"end":{"line":57,"column":9}},"20":{"start":{"line":48,"column":24},"end":{"line":48,"column":69}},"21":{"start":{"line":49,"column":12},"end":{"line":49,"column":36}},"22":{"start":{"line":50,"column":12},"end":{"line":50,"column":53}},"23":{"start":{"line":52,"column":12},"end":{"line":52,"column":33}},"24":{"start":{"line":54,"column":12},"end":{"line":54,"column":52}},"25":{"start":{"line":56,"column":12},"end":{"line":56,"column":36}},"26":{"start":{"line":61,"column":8},"end":{"line":68,"column":9}},"27":{"start":{"line":62,"column":12},"end":{"line":62,"column":53}},"28":{"start":{"line":63,"column":12},"end":{"line":63,"column":36}},"29":{"start":{"line":64,"column":12},"end":{"line":64,"column":54}},"30":{"start":{"line":65,"column":12},"end":{"line":65,"column":36}},"31":{"start":{"line":67,"column":12},"end":{"line":67,"column":53}},"32":{"start":{"line":72,"column":8},"end":{"line":72,"column":41}},"33":{"start":{"line":73,"column":8},"end":{"line":82,"column":9}},"34":{"start":{"line":74,"column":22},"end":{"line":74,"column":75}},"35":{"start":{"line":75,"column":10},"end":{"line":75,"column":38}},"36":{"start":{"line":76,"column":10},"end":{"line":76,"column":56}},"37":{"start":{"line":78,"column":10},"end":{"line":78,"column":57}},"38":{"start":{"line":79,"column":10},"end":{"line":79,"column":51}},"39":{"start":{"line":81,"column":10},"end":{"line":81,"column":44}},"40":{"start":{"line":86,"column":33},"end":{"line":86,"column":38}},"41":{"start":{"line":87,"column":12},"end":{"line":87,"column":61}},"42":{"start":{"line":87,"column":54},"end":{"line":87,"column":61}},"43":{"start":{"line":89,"column":26},"end":{"line":93,"column":14}},"44":{"start":{"line":94,"column":12},"end":{"line":94,"column":28}},"45":{"start":{"line":96,"column":12},"end":{"line":96,"column":36}},"46":{"start":{"line":98,"column":12},"end":{"line":100,"column":14}},"47":{"start":{"line":99,"column":16},"end":{"line":99,"column":45}},"48":{"start":{"line":103,"column":12},"end":{"line":104,"column":41}},"49":{"start":{"line":104,"column":16},"end":{"line":104,"column":41}}},"fnMap":{"0":{"name":"(anonymous_0)","decl":{"start":{"line":8,"column":35},"end":{"line":8,"column":36}},"loc":{"start":{"line":8,"column":50},"end":{"line":107,"column":1}},"line":8},"1":{"name":"(anonymous_1)","decl":{"start":{"line":17,"column":15},"end":{"line":17,"column":20}},"loc":{"start":{"line":17,"column":26},"end":{"line":30,"column":5}},"line":17},"2":{"name":"(anonymous_2)","decl":{"start":{"line":31,"column":12},"end":{"line":31,"column":17}},"loc":{"start":{"line":31,"column":28},"end":{"line":43,"column":5}},"line":31},"3":{"name":"(anonymous_3)","decl":{"start":{"line":45,"column":11},"end":{"line":45,"column":16}},"loc":{"start":{"line":45,"column":27},"end":{"line":58,"column":5}},"line":45},"4":{"name":"(anonymous_4)","decl":{"start":{"line":60,"column":12},"end":{"line":60,"column":17}},"loc":{"start":{"line":60,"column":24},"end":{"line":69,"column":5}},"line":60},"5":{"name":"(anonymous_5)","decl":{"start":{"line":71,"column":19},"end":{"line":71,"column":24}},"loc":{"start":{"line":71,"column":35},"end":{"line":83,"column":7}},"line":71},"6":{"name":"(anonymous_6)","decl":{"start":{"line":85,"column":23},"end":{"line":85,"column":24}},"loc":{"start":{"line":85,"column":29},"end":{"line":101,"column":9}},"line":85},"7":{"name":"(anonymous_7)","decl":{"start":{"line":98,"column":40},"end":{"line":98,"column":41}},"loc":{"start":{"line":98,"column":53},"end":{"line":100,"column":13}},"line":98},"8":{"name":"(anonymous_8)","decl":{"start":{"line":102,"column":26},"end":{"line":102,"column":27}},"loc":{"start":{"line":102,"column":32},"end":{"line":105,"column":9}},"line":102}},"branchMap":{"0":{"loc":{"start":{"line":6,"column":17},"end":{"line":6,"column":87}},"type":"cond-expr","locations":[{"start":{"line":6,"column":58},"end":{"line":6,"column":81}},{"start":{"line":6,"column":84},"end":{"line":6,"column":87}}],"line":6},"1":{"loc":{"start":{"line":87,"column":12},"end":{"line":87,"column":61}},"type":"if","locations":[{"start":{"line":87,"column":12},"end":{"line":87,"column":61}},{"start":{},"end":{}}],"line":87},"2":{"loc":{"start":{"line":87,"column":16},"end":{"line":87,"column":52}},"type":"binary-expr","locations":[{"start":{"line":87,"column":16},"end":{"line":87,"column":25}},{"start":{"line":87,"column":29},"end":{"line":87,"column":52}}],"line":87},"3":{"loc":{"start":{"line":103,"column":12},"end":{"line":104,"column":41}},"type":"if","locations":[{"start":{"line":103,"column":12},"end":{"line":104,"column":41}},{"start":{},"end":{}}],"line":103}},"s":{"0":2,"1":2,"2":2,"3":3,"4":3,"5":2,"6":2,"7":1,"8":1,"9":3,"10":4,"11":4,"12":4,"13":3,"14":3,"15":3,"16":1,"17":4,"18":4,"19":4,"20":4,"21":3,"22":3,"23":3,"24":1,"25":4,"26":2,"27":2,"28":1,"29":1,"30":1,"31":1,"32":3,"33":3,"34":3,"35":2,"36":2,"37":1,"38":1,"39":3,"40":12,"41":12,"42":2,"43":10,"44":10,"45":10,"46":10,"47":0,"48":3,"49":1},"f":{"0":2,"1":3,"2":4,"3":4,"4":2,"5":3,"6":12,"7":0,"8":3},"b":{"0":[0,2],"1":[2,10],"2":[12,11],"3":[1,2]},"meta":{"lastBranch":4,"lastFunction":9,"lastStatement":50,"seen":{"s:6:17:6:87":0,"b:6:58:6:81:6:84:6:87":0,"s:8:27:107:3":1,"f:8:35:8:36":0,"s:8:50:107:1":2,"f:17:15:17:20":1,"s:18:8:29:9":3,"s:19:24:19:62":4,"s:21:12:21:36":5,"s:22:12:22:33":6,"s:25:12:25:53":7,"s:26:12:26:32":8,"s:28:12:28:39":9,"f:31:12:31:17":2,"s:32:8:32:31":10,"s:33:8:42:9":11,"s:34:24:34:70":12,"s:35:12:35:36":13,"s:36:12:36:59":14,"s:37:12:37:33":15,"s:39:12:39:52":16,"s:41:12:41:36":17,"f:45:11:45:16":3,"s:46:8:46:31":18,"s:47:8:57:9":19,"s:48:24:48:69":20,"s:49:12:49:36":21,"s:50:12:50:53":22,"s:52:12:52:33":23,"s:54:12:54:52":24,"s:56:12:56:36":25,"f:60:12:60:17":4,"s:61:8:68:9":26,"s:62:12:62:53":27,"s:63:12:63:36":28,"s:64:12:64:54":29,"s:65:12:65:36":30,"s:67:12:67:53":31,"f:71:19:71:24":5,"s:72:8:72:41":32,"s:73:8:82:9":33,"s:74:22:74:75":34,"s:75:10:75:38":35,"s:76:10:76:56":36,"s:78:10:78:57":37,"s:79:10:79:51":38,"s:81:10:81:44":39,"f:85:23:85:24":6,"s:86:33:86:38":40,"b:87:12:87:61:undefined:undefined:undefined:undefined":1,"s:87:12:87:61":41,"b:87:16:87:25:87:29:87:52":2,"s:87:54:87:61":42,"s:89:26:93:14":43,"s:94:12:94:28":44,"s:96:12:96:36":45,"s:98:12:100:14":46,"f:98:40:98:41":7,"s:99:16:99:45":47,"f:102:26:102:27":8,"b:103:12:104:41:undefined:undefined:undefined:undefined":3,"s:103:12:104:41":48,"s:104:16:104:41":49}}}
,"C:\\Users\\Sergiy\\Desktop\\Completed-Projects\\CHAT_APP_1\\chat-app\\frontend\\src\\store\\useChatStore.js": {"path":"C:\\Users\\Sergiy\\Desktop\\Completed-Projects\\CHAT_APP_1\\chat-app\\frontend\\src\\store\\useChatStore.js","statementMap":{"0":{"start":{"line":6,"column":27},"end":{"line":69,"column":3}},"1":{"start":{"line":6,"column":50},"end":{"line":69,"column":1}},"2":{"start":{"line":14,"column":8},"end":{"line":14,"column":37}},"3":{"start":{"line":15,"column":8},"end":{"line":22,"column":9}},"4":{"start":{"line":16,"column":24},"end":{"line":16,"column":66}},"5":{"start":{"line":17,"column":12},"end":{"line":17,"column":37}},"6":{"start":{"line":19,"column":12},"end":{"line":19,"column":53}},"7":{"start":{"line":21,"column":12},"end":{"line":21,"column":42}},"8":{"start":{"line":26,"column":8},"end":{"line":26,"column":40}},"9":{"start":{"line":27,"column":8},"end":{"line":34,"column":9}},"10":{"start":{"line":28,"column":24},"end":{"line":28,"column":70}},"11":{"start":{"line":29,"column":12},"end":{"line":29,"column":40}},"12":{"start":{"line":31,"column":12},"end":{"line":31,"column":53}},"13":{"start":{"line":33,"column":12},"end":{"line":33,"column":45}},"14":{"start":{"line":38,"column":43},"end":{"line":38,"column":48}},"15":{"start":{"line":39,"column":8},"end":{"line":44,"column":9}},"16":{"start":{"line":40,"column":24},"end":{"line":40,"column":99}},"17":{"start":{"line":41,"column":12},"end":{"line":41,"column":55}},"18":{"start":{"line":43,"column":12},"end":{"line":43,"column":53}},"19":{"start":{"line":48,"column":31},"end":{"line":48,"column":36}},"20":{"start":{"line":49,"column":8},"end":{"line":49,"column":34}},"21":{"start":{"line":49,"column":27},"end":{"line":49,"column":34}},"22":{"start":{"line":51,"column":23},"end":{"line":51,"column":53}},"23":{"start":{"line":54,"column":8},"end":{"line":60,"column":10}},"24":{"start":{"line":55,"column":50},"end":{"line":55,"column":90}},"25":{"start":{"line":56,"column":12},"end":{"line":56,"column":55}},"26":{"start":{"line":56,"column":48},"end":{"line":56,"column":55}},"27":{"start":{"line":57,"column":12},"end":{"line":59,"column":14}},"28":{"start":{"line":64,"column":23},"end":{"line":64,"column":53}},"29":{"start":{"line":65,"column":8},"end":{"line":65,"column":33}},"30":{"start":{"line":68,"column":39},"end":{"line":68,"column":60}}},"fnMap":{"0":{"name":"(anonymous_0)","decl":{"start":{"line":6,"column":35},"end":{"line":6,"column":36}},"loc":{"start":{"line":6,"column":50},"end":{"line":69,"column":1}},"line":6},"1":{"name":"(anonymous_1)","decl":{"start":{"line":13,"column":14},"end":{"line":13,"column":19}},"loc":{"start":{"line":13,"column":26},"end":{"line":23,"column":5}},"line":13},"2":{"name":"(anonymous_2)","decl":{"start":{"line":25,"column":17},"end":{"line":25,"column":22}},"loc":{"start":{"line":25,"column":35},"end":{"line":35,"column":5}},"line":25},"3":{"name":"(anonymous_3)","decl":{"start":{"line":37,"column":17},"end":{"line":37,"column":22}},"loc":{"start":{"line":37,"column":40},"end":{"line":45,"column":5}},"line":37},"4":{"name":"(anonymous_4)","decl":{"start":{"line":47,"column":25},"end":{"line":47,"column":26}},"loc":{"start":{"line":47,"column":31},"end":{"line":61,"column":5}},"line":47},"5":{"name":"(anonymous_5)","decl":{"start":{"line":54,"column":32},"end":{"line":54,"column":33}},"loc":{"start":{"line":54,"column":48},"end":{"line":60,"column":9}},"line":54},"6":{"name":"(anonymous_6)","decl":{"start":{"line":63,"column":29},"end":{"line":63,"column":30}},"loc":{"start":{"line":63,"column":35},"end":{"line":66,"column":5}},"line":63},"7":{"name":"(anonymous_7)","decl":{"start":{"line":68,"column":21},"end":{"line":68,"column":22}},"loc":{"start":{"line":68,"column":39},"end":{"line":68,"column":60}},"line":68}},"branchMap":{"0":{"loc":{"start":{"line":49,"column":8},"end":{"line":49,"column":34}},"type":"if","locations":[{"start":{"line":49,"column":8},"end":{"line":49,"column":34}},{"start":{},"end":{}}],"line":49},"1":{"loc":{"start":{"line":56,"column":12},"end":{"line":56,"column":55}},"type":"if","locations":[{"start":{"line":56,"column":12},"end":{"line":56,"column":55}},{"start":{},"end":{}}],"line":56}},"s":{"0":1,"1":1,"2":4,"3":4,"4":4,"5":3,"6":1,"7":4,"8":4,"9":4,"10":4,"11":3,"12":1,"13":4,"14":4,"15":4,"16":4,"17":3,"18":1,"19":4,"20":4,"21":1,"22":3,"23":3,"24":2,"25":2,"26":1,"27":1,"28":1,"29":1,"30":2},"f":{"0":1,"1":4,"2":4,"3":4,"4":4,"5":2,"6":1,"7":2},"b":{"0":[1,3],"1":[1,1]},"meta":{"lastBranch":2,"lastFunction":8,"lastStatement":31,"seen":{"s:6:27:69:3":0,"f:6:35:6:36":0,"s:6:50:69:1":1,"f:13:14:13:19":1,"s:14:8:14:37":2,"s:15:8:22:9":3,"s:16:24:16:66":4,"s:17:12:17:37":5,"s:19:12:19:53":6,"s:21:12:21:42":7,"f:25:17:25:22":2,"s:26:8:26:40":8,"s:27:8:34:9":9,"s:28:24:28:70":10,"s:29:12:29:40":11,"s:31:12:31:53":12,"s:33:12:33:45":13,"f:37:17:37:22":3,"s:38:43:38:48":14,"s:39:8:44:9":15,"s:40:24:40:99":16,"s:41:12:41:55":17,"s:43:12:43:53":18,"f:47:25:47:26":4,"s:48:31:48:36":19,"b:49:8:49:34:undefined:undefined:undefined:undefined":0,"s:49:8:49:34":20,"s:49:27:49:34":21,"s:51:23:51:53":22,"s:54:8:60:10":23,"f:54:32:54:33":5,"s:55:50:55:90":24,"b:56:12:56:55:undefined:undefined:undefined:undefined":1,"s:56:12:56:55":25,"s:56:48:56:55":26,"s:57:12:59:14":27,"f:63:29:63:30":6,"s:64:23:64:53":28,"s:65:8:65:33":29,"f:68:21:68:22":7,"s:68:39:68:60":30}}}
}
