TN:
SF:src\controllers\auth.controller.js
FN:6,(anonymous_0)
FN:48,(anonymous_1)
FN:76,(anonymous_2)
FN:86,(anonymous_3)
FN:110,(anonymous_4)
FNF:5
FNH:5
FNDA:4,(anonymous_0)
FNDA:3,(anonymous_1)
FNDA:1,(anonymous_2)
FNDA:2,(anonymous_3)
FNDA:1,(anonymous_4)
DA:6,1
DA:7,4
DA:8,4
DA:9,4
DA:10,1
DA:13,3
DA:14,1
DA:16,2
DA:17,2
DA:18,2
DA:19,1
DA:20,1
DA:22,1
DA:28,1
DA:29,1
DA:30,1
DA:32,1
DA:40,0
DA:43,0
DA:44,0
DA:48,1
DA:49,3
DA:50,3
DA:51,3
DA:52,3
DA:53,1
DA:56,2
DA:57,2
DA:58,1
DA:61,1
DA:63,1
DA:71,0
DA:72,0
DA:76,1
DA:77,1
DA:78,1
DA:79,1
DA:81,0
DA:82,0
DA:86,1
DA:87,2
DA:88,2
DA:89,2
DA:91,2
DA:92,1
DA:95,1
DA:96,1
DA:101,1
DA:105,0
DA:106,0
DA:110,1
DA:111,1
DA:112,1
DA:114,0
DA:115,0
LF:55
LH:44
BRDA:9,0,0,1
BRDA:9,0,1,3
BRDA:9,1,0,4
BRDA:9,1,1,3
BRDA:9,1,2,3
BRDA:13,2,0,1
BRDA:13,2,1,2
BRDA:17,3,0,1
BRDA:17,3,1,1
BRDA:28,4,0,1
BRDA:28,4,1,0
BRDA:52,5,0,1
BRDA:52,5,1,2
BRDA:57,6,0,1
BRDA:57,6,1,1
BRDA:91,7,0,1
BRDA:91,7,1,1
BRF:17
BRH:16
end_of_record
TN:
SF:src\controllers\message.controller.js
FN:7,(anonymous_0)
FN:19,(anonymous_1)
FN:38,(anonymous_2)
FNF:3
FNH:3
FNDA:1,(anonymous_0)
FNDA:1,(anonymous_1)
FNDA:3,(anonymous_2)
DA:7,1
DA:8,1
DA:9,1
DA:10,1
DA:12,1
DA:14,0
DA:15,0
DA:19,1
DA:20,1
DA:21,1
DA:22,1
DA:24,1
DA:31,1
DA:33,0
DA:34,0
DA:38,1
DA:39,3
DA:40,3
DA:41,3
DA:42,3
DA:45,3
DA:47,2
DA:48,1
DA:51,2
DA:58,2
DA:60,2
DA:61,2
DA:62,1
DA:65,2
DA:67,1
DA:68,1
LF:31
LH:27
BRDA:45,0,0,2
BRDA:45,0,1,1
BRDA:61,1,0,1
BRDA:61,1,1,1
BRF:4
BRH:4
end_of_record
TN:
SF:src\lib\utils.js
FN:3,(anonymous_0)
FNF:1
FNH:1
FNDA:2,(anonymous_0)
DA:3,1
DA:4,2
DA:8,2
DA:14,2
LF:4
LH:4
BRF:0
BRH:0
end_of_record
TN:
SF:src\middleware\auth.middleware.js
FN:4,(anonymous_0)
FN:34,authMiddleware
FNF:2
FNH:1
FNDA:5,(anonymous_0)
FNDA:0,authMiddleware
DA:4,1
DA:5,5
DA:6,5
DA:8,5
DA:9,1
DA:12,4
DA:14,4
DA:15,1
DA:18,2
DA:20,2
DA:21,1
DA:24,1
DA:25,1
DA:28,1
DA:29,1
DA:36,0
LF:16
LH:15
BRDA:8,0,0,1
BRDA:8,0,1,4
BRDA:14,1,0,1
BRDA:14,1,1,3
BRDA:20,2,0,1
BRDA:20,2,1,1
BRF:6
BRH:6
end_of_record
