TN:
SF:src\controllers\auth.controller.js
FN:6,(anonymous_0)
FN:45,(anonymous_1)
FN:73,(anonymous_2)
FN:83,(anonymous_3)
FN:107,(anonymous_4)
FNF:5
FNH:5
FNDA:5,(anonymous_0)
FNDA:4,(anonymous_1)
FNDA:2,(anonymous_2)
FNDA:3,(anonymous_3)
FNDA:1,(anonymous_4)
DA:6,1
DA:7,5
DA:8,5
DA:9,5
DA:10,1
DA:13,4
DA:14,1
DA:16,3
DA:17,2
DA:18,2
DA:19,1
DA:20,1
DA:22,1
DA:28,1
DA:29,1
DA:30,1
DA:32,1
DA:40,1
DA:41,1
DA:45,1
DA:46,4
DA:47,4
DA:48,4
DA:49,3
DA:50,1
DA:53,2
DA:54,2
DA:55,1
DA:58,1
DA:60,1
DA:68,1
DA:69,1
DA:73,1
DA:74,2
DA:75,2
DA:76,2
DA:78,1
DA:79,1
DA:83,1
DA:84,3
DA:85,3
DA:86,3
DA:88,3
DA:89,1
DA:92,2
DA:93,1
DA:98,1
DA:102,1
DA:103,1
DA:107,1
DA:108,1
DA:109,1
DA:111,0
DA:112,0
LF:54
LH:52
BRDA:9,0,0,1
BRDA:9,0,1,4
BRDA:9,1,0,5
BRDA:9,1,1,4
BRDA:9,1,2,4
BRDA:13,2,0,1
BRDA:13,2,1,3
BRDA:17,3,0,1
BRDA:17,3,1,1
BRDA:28,4,0,1
BRDA:28,4,1,0
BRDA:49,5,0,1
BRDA:49,5,1,2
BRDA:54,6,0,1
BRDA:54,6,1,1
BRDA:88,7,0,1
BRDA:88,7,1,2
BRF:17
BRH:16
end_of_record
TN:
SF:src\controllers\message.controller.js
FN:7,(anonymous_0)
FN:19,(anonymous_1)
FN:38,(anonymous_2)
FNF:3
FNH:3
FNDA:2,(anonymous_0)
FNDA:2,(anonymous_1)
FNDA:3,(anonymous_2)
DA:7,1
DA:8,2
DA:9,2
DA:10,2
DA:12,1
DA:14,1
DA:15,1
DA:19,1
DA:20,2
DA:21,2
DA:22,2
DA:24,2
DA:31,1
DA:33,1
DA:34,1
DA:38,1
DA:39,3
DA:40,3
DA:41,3
DA:42,3
DA:45,3
DA:47,2
DA:48,1
DA:51,2
DA:58,2
DA:60,2
DA:61,2
DA:62,1
DA:65,2
DA:67,1
DA:68,1
LF:31
LH:31
BRDA:45,0,0,2
BRDA:45,0,1,1
BRDA:61,1,0,1
BRDA:61,1,1,1
BRF:4
BRH:4
end_of_record
TN:
SF:src\lib\utils.js
FN:3,(anonymous_0)
FNF:1
FNH:1
FNDA:2,(anonymous_0)
DA:3,1
DA:4,2
DA:8,2
DA:14,2
LF:4
LH:4
BRF:0
BRH:0
end_of_record
TN:
SF:src\middleware\auth.middleware.js
FN:4,(anonymous_0)
FN:34,authMiddleware
FNF:2
FNH:2
FNDA:5,(anonymous_0)
FNDA:1,authMiddleware
DA:4,1
DA:5,5
DA:6,5
DA:8,5
DA:9,1
DA:12,4
DA:14,4
DA:15,1
DA:18,2
DA:20,2
DA:21,1
DA:24,1
DA:25,1
DA:28,1
DA:29,1
DA:36,1
LF:16
LH:16
BRDA:8,0,0,1
BRDA:8,0,1,4
BRDA:14,1,0,1
BRDA:14,1,1,3
BRDA:20,2,0,1
BRDA:20,2,1,1
BRF:6
BRH:6
end_of_record
